<?xml version="1.0" encoding="UTF-8"?>
<testsuites>
  <testsuite name="api" timestamp="2024-06-11T13:57:04Z" hostname="643ac3418e17" tests="1" skipped="0" failures="0" errors="0" time="4.017">
    <testcase time="4.017" classname="api" name="API_greets_the_person"/>
  </testsuite>
  <testsuite name="hello" timestamp="2024-06-11T13:57:08Z" hostname="643ac3418e17" tests="1" skipped="0" failures="0" errors="0" time="0.078">
    <testcase time="0.0779999999999994" classname="hello" name="hello_greets_the_entity"/>
  </testsuite>
  <testsuite name="shiny" timestamp="2024-06-11T13:57:08Z" hostname="643ac3418e17" tests="1" skipped="0" failures="0" errors="0" time="2.387">
    <testcase time="2.387" classname="shiny" name="The_Shiny_App_returns_a_proper_greeting"/>
  </testsuite>
</testsuites>
